25/04/2021 13:36:35	This log contains information about the import schema operation into project 'VMSLoginKnewin' on computer 'VIRAMUNDO' by user 'musph'.
25/04/2021 13:36:35	Import of database schema has started.
25/04/2021 13:36:37	Gathering error messages
25/04/2021 13:36:37	Gathering cryptographic providers
25/04/2021 13:36:37	Gathering credentials
25/04/2021 13:36:37	Gathering logins
25/04/2021 13:36:37	Gathering server roles
25/04/2021 13:36:37	Gathering server role memberships
25/04/2021 13:36:37	Gathering linked servers
25/04/2021 13:36:37	Gathering linked server logins
25/04/2021 13:36:37	Gathering routes
25/04/2021 13:36:37	Gathering ddl triggers
25/04/2021 13:36:37	Gathering encrypted and clr ddl triggers
25/04/2021 13:36:37	Gathering event notifications
25/04/2021 13:36:37	Gathering server audits
25/04/2021 13:36:37	Gathering server audit specifications
25/04/2021 13:36:37	Gathering event notifications
25/04/2021 13:36:42	Gathering database credentials
25/04/2021 13:36:42	Gathering database options
25/04/2021 13:36:42	Gathering generic database scoped configuration option
25/04/2021 13:36:42	Gathering users
25/04/2021 13:36:42	Gathering roles
25/04/2021 13:36:42	Gathering application roles
25/04/2021 13:36:42	Gathering role memberships
25/04/2021 13:36:42	Gathering filegroups
25/04/2021 13:36:42	Gathering files
25/04/2021 13:36:42	Gathering full-text catalogs
25/04/2021 13:36:42	Gathering assemblies
25/04/2021 13:36:42	Gathering certificates
25/04/2021 13:36:42	Gathering asymmetric keys
25/04/2021 13:36:42	Gathering symmetric keys
25/04/2021 13:36:42	Gathering encrypted symmetric keys
25/04/2021 13:36:42	Gathering database encryption keys
25/04/2021 13:36:42	Gathering schemas
25/04/2021 13:36:42	Gathering XML schema collections
25/04/2021 13:36:43	Gathering user-defined data types
25/04/2021 13:36:43	Gathering user-defined types
25/04/2021 13:36:43	Gathering table types
25/04/2021 13:36:43	Gathering unique keys for table types
25/04/2021 13:36:43	Gathering primary keys for table types
25/04/2021 13:36:43	Gathering indexes for table types
25/04/2021 13:36:43	Gathering check constraints for table types
25/04/2021 13:36:43	Gathering default constraints for table types
25/04/2021 13:36:43	Gathering partition functions
25/04/2021 13:36:43	Gathering partition schemes
25/04/2021 13:36:43	Gathering functions
25/04/2021 13:36:43	Gathering encrypted functions
25/04/2021 13:36:43	Gathering aggregates
25/04/2021 13:36:43	Gathering procedures
25/04/2021 13:36:43	Gathering encrypted procedures
25/04/2021 13:36:43	Gathering tables
25/04/2021 13:36:44	Gathering primary keys
25/04/2021 13:36:44	Gathering unique constraints
25/04/2021 13:36:44	Gathering foreign keys
25/04/2021 13:36:44	Gathering default constraints
25/04/2021 13:36:44	Gathering check constraints
25/04/2021 13:36:44	Gathering views
25/04/2021 13:36:44	Gathering encrypted views
25/04/2021 13:36:44	Gathering indexes
25/04/2021 13:36:44	Gathering statistics
25/04/2021 13:36:44	Gathering full-text index stoplists
25/04/2021 13:36:44	Gathering search property lists
25/04/2021 13:36:44	Gathering search properties
25/04/2021 13:36:44	Gathering full-text indexes
25/04/2021 13:36:44	Gathering column store indexes
25/04/2021 13:36:44	Gathering spatial indexes
25/04/2021 13:36:44	Gathering XML indexes
25/04/2021 13:36:44	Gathering Selective XML indexes
25/04/2021 13:36:44	Gathering encrypted triggers
25/04/2021 13:36:44	Gathering triggers
25/04/2021 13:36:44	Gathering encrypted and clr ddl triggers
25/04/2021 13:36:44	Gathering ddl triggers
25/04/2021 13:36:44	Creating edge constraints
25/04/2021 13:36:44	Gathering synonyms
25/04/2021 13:36:44	Gathering defaults
25/04/2021 13:36:44	Gathering data constraint uddt bindings
25/04/2021 13:36:44	Gathering rules
25/04/2021 13:36:44	Gathering data constraint uddt bindings
25/04/2021 13:36:44	Gathering message types
25/04/2021 13:36:44	Gathering queues
25/04/2021 13:36:44	Gathering contracts
25/04/2021 13:36:44	Gathering services
25/04/2021 13:36:44	Gathering routes
25/04/2021 13:36:44	Gathering event notifications
25/04/2021 13:36:44	Gathering remote service bindings
25/04/2021 13:36:44	Gathering broker priorities
25/04/2021 13:36:44	Gathering database audit specifications
25/04/2021 13:36:44	Gathering signatures
25/04/2021 13:36:44	Gathering data compression options
25/04/2021 13:36:44	Gathering sequence types
25/04/2021 13:36:44	Gathering security policies
25/04/2021 13:36:44	Gather column encryption keys
25/04/2021 13:36:44	Gathering column master keys
25/04/2021 13:36:44	Gathering external data sources
25/04/2021 13:36:44	Gathering external file formats
25/04/2021 13:36:44	Gathering external tables
25/04/2021 13:36:44	Gathering database permissions
25/04/2021 13:36:44	Gathering extended properties
25/04/2021 13:36:45	Scanning project for duplicate elements
25/04/2021 13:36:46	Finished duplicate element processing
25/04/2021 13:36:46	Finished importing database.
25/04/2021 13:36:46	A summary of the import was saved to the following location: E:\TesteKnewin\Knewin\Login\VMSLoginKnewin\Import Schema Logs\VMSLoginKnewin_20210425043635.log
25/04/2021 13:36:46	Click Finish to continue...
